[debug] [2022-01-27T03:00:03.255Z] ----------------------------------------------------------------------
[debug] [2022-01-27T03:00:03.262Z] Command:       C:\Program Files\nodejs\node.exe C:\Users\Kunal Sahu\AppData\Roaming\npm\node_modules\firebase-tools\lib\bin\firebase.js emulators:start --only functions
[debug] [2022-01-27T03:00:03.263Z] CLI Version:   10.1.2
[debug] [2022-01-27T03:00:03.264Z] Platform:      win32
[debug] [2022-01-27T03:00:03.264Z] Node Version:  v14.17.5
[debug] [2022-01-27T03:00:03.267Z] Time:          Thu Jan 27 2022 08:30:03 GMT+0530 (India Standard Time)
[debug] [2022-01-27T03:00:03.268Z] ----------------------------------------------------------------------
[debug] 
[debug] [2022-01-27T03:00:03.684Z] > command requires scopes: ["email","openid","https://www.googleapis.com/auth/cloudplatformprojects.readonly","https://www.googleapis.com/auth/firebase","https://www.googleapis.com/auth/cloud-platform"]
[debug] [2022-01-27T03:00:03.685Z] > authorizing via signed-in user (melodydeveloper@gmail.com)
[info] i  emulators: Starting emulators: functions {"metadata":{"emulator":{"name":"hub"},"message":"Starting emulators: functions"}}
[warn] !  emulators: It seems that you are running multiple instances of the emulator suite for project melody-24def. This may result in unexpected behavior. 
[debug] [2022-01-27T03:00:03.726Z] [hub] writing locator at C:\Users\KUNALS~1\AppData\Local\Temp\hub-melody-24def.json
[warn] !  functions: The following emulators are not running, calls to these services from the Functions emulator will affect production: auth, firestore, database, hosting, pubsub, storage {"metadata":{"emulator":{"name":"functions"},"message":"The following emulators are not running, calls to these services from the Functions emulator will affect production: \u001b[1mauth, firestore, database, hosting, pubsub, storage\u001b[22m"}}
[warn] !  Your requested "node" version "16" doesn't match your global version "14" {"metadata":{"emulator":{"name":"functions"},"message":"Your requested \"node\" version \"16\" doesn't match your global version \"14\""}}
[debug] [2022-01-27T03:00:03.764Z] defaultcredentials: writing to file C:\Users\Kunal Sahu\AppData\Roaming\firebase\melodydeveloper_gmail_com_application_default_credentials.json
[debug] [2022-01-27T03:00:03.766Z] Setting GAC to C:\Users\Kunal Sahu\AppData\Roaming\firebase\melodydeveloper_gmail_com_application_default_credentials.json {"metadata":{"emulator":{"name":"functions"},"message":"Setting GAC to C:\\Users\\Kunal Sahu\\AppData\\Roaming\\firebase\\melodydeveloper_gmail_com_application_default_credentials.json"}}
[debug] [2022-01-27T03:00:03.771Z] > refreshing access token with scopes: []
[debug] [2022-01-27T03:00:03.772Z] >>> HTTP REQUEST POST https://www.googleapis.com/oauth2/v3/token  
 <request body omitted>
[debug] [2022-01-27T03:00:03.982Z] <<< HTTP RESPONSE 200 {"cache-control":"no-cache, no-store, max-age=0, must-revalidate","expires":"Mon, 01 Jan 1990 00:00:00 GMT","pragma":"no-cache","date":"Thu, 27 Jan 2022 03:00:04 GMT","content-type":"application/json; charset=utf-8","vary":"X-Origin, Referer, Origin,Accept-Encoding","server":"scaffolding on HTTPServer2","x-xss-protection":"0","x-frame-options":"SAMEORIGIN","x-content-type-options":"nosniff","alt-svc":"h3=\":443\"; ma=2592000,h3-29=\":443\"; ma=2592000,h3-Q050=\":443\"; ma=2592000,h3-Q046=\":443\"; ma=2592000,h3-Q043=\":443\"; ma=2592000,quic=\":443\"; ma=2592000; v=\"46,43\"","accept-ranges":"none","transfer-encoding":"chunked"}
[debug] [2022-01-27T03:00:04.405Z] >>> [apiv2][query] GET https://firebase.googleapis.com/v1beta1/projects/melody-24def/adminSdkConfig [none]
[debug] [2022-01-27T03:00:05.068Z] <<< [apiv2][status] GET https://firebase.googleapis.com/v1beta1/projects/melody-24def/adminSdkConfig 200
[debug] [2022-01-27T03:00:05.069Z] <<< [apiv2][body] GET https://firebase.googleapis.com/v1beta1/projects/melody-24def/adminSdkConfig {"projectId":"melody-24def","storageBucket":"melody-24def.appspot.com"}
[debug] [2022-01-27T03:00:05.243Z] Ignoring unsupported arg: auto_download {"metadata":{"emulator":{"name":"ui"},"message":"Ignoring unsupported arg: auto_download"}}
[debug] [2022-01-27T03:00:05.244Z] Ignoring unsupported arg: port {"metadata":{"emulator":{"name":"ui"},"message":"Ignoring unsupported arg: port"}}
[debug] [2022-01-27T03:00:05.244Z] Starting Emulator UI with command {"binary":"node","args":["C:\\Users\\Kunal Sahu\\.cache\\firebase\\emulators\\ui-v1.6.4\\server.bundle.js"],"optionalArgs":[],"joinArgs":false} {"metadata":{"emulator":{"name":"ui"},"message":"Starting Emulator UI with command {\"binary\":\"node\",\"args\":[\"C:\\\\Users\\\\Kunal Sahu\\\\.cache\\\\firebase\\\\emulators\\\\ui-v1.6.4\\\\server.bundle.js\"],\"optionalArgs\":[],\"joinArgs\":false}"}}
[info] i  ui: Emulator UI logging to ui-debug.log {"metadata":{"emulator":{"name":"ui"},"message":"Emulator UI logging to \u001b[1mui-debug.log\u001b[22m"}}
[debug] [2022-01-27T03:00:06.604Z] Web / API server started at localhost:4000
 {"metadata":{"emulator":{"name":"ui"},"message":"Web / API server started at localhost:4000\n"}}
[info] i  functions: Watching "C:\Users\Kunal Sahu\Desktop\NUCLEAR CODES\Wev_Devlopment\PROJECT\REACT PROJECTS\melody\functions" for Cloud Functions... {"metadata":{"emulator":{"name":"functions"},"message":"Watching \"C:\\Users\\Kunal Sahu\\Desktop\\NUCLEAR CODES\\Wev_Devlopment\\PROJECT\\REACT PROJECTS\\melody\\functions\" for Cloud Functions..."}}
[debug] [2022-01-27T03:00:06.884Z] [worker-pool] addWorker(~diagnostic~) {"metadata":{"emulator":{"name":"functions"},"message":"[worker-pool] addWorker(~diagnostic~)"}}
[debug] [2022-01-27T03:00:06.885Z] [worker-pool] Adding worker with key ~diagnostic~, total=1 {"metadata":{"emulator":{"name":"functions"},"message":"[worker-pool] Adding worker with key ~diagnostic~, total=1"}}
[debug] [2022-01-27T03:00:06.885Z] [worker-pool] submitWork(triggerId=) {"metadata":{"emulator":{"name":"functions"},"message":"[worker-pool] submitWork(triggerId=)"}}
[debug] [2022-01-27T03:00:06.886Z] [worker-~diagnostic~-70f0b26a-0502-4d5b-9069-1d59ed45cd7c]: Assigning socketPath: \\?\pipe\C:\Users\Kunal Sahu\Desktop\NUCLEAR CODES\Wev_Devlopment\PROJECT\REACT PROJECTS\melody\functions\9288 {"metadata":{"emulator":{"name":"functions"},"message":"[worker-~diagnostic~-70f0b26a-0502-4d5b-9069-1d59ed45cd7c]: Assigning socketPath: \\\\?\\pipe\\C:\\Users\\Kunal Sahu\\Desktop\\NUCLEAR CODES\\Wev_Devlopment\\PROJECT\\REACT PROJECTS\\melody\\functions\\9288"}}
[debug] [2022-01-27T03:00:06.887Z] [worker-~diagnostic~-70f0b26a-0502-4d5b-9069-1d59ed45cd7c]: BUSY {"metadata":{"emulator":{"name":"functions"},"message":"[worker-~diagnostic~-70f0b26a-0502-4d5b-9069-1d59ed45cd7c]: BUSY"}}
[debug] [2022-01-27T03:00:08.886Z] [runtime-status] [9288] Functions runtime initialized. {"cwd":"C:\\Users\\Kunal Sahu\\Desktop\\NUCLEAR CODES\\Wev_Devlopment\\PROJECT\\REACT PROJECTS\\melody\\functions","node_version":"14.17.5"} {"metadata":{"emulator":{"name":"functions"},"message":"[runtime-status] [9288] Functions runtime initialized. {\"cwd\":\"C:\\\\Users\\\\Kunal Sahu\\\\Desktop\\\\NUCLEAR CODES\\\\Wev_Devlopment\\\\PROJECT\\\\REACT PROJECTS\\\\melody\\\\functions\",\"node_version\":\"14.17.5\"}"}}
[debug] [2022-01-27T03:00:08.888Z] [runtime-status] [9288] Disabled runtime features: undefined {"metadata":{"emulator":{"name":"functions"},"message":"[runtime-status] [9288] Disabled runtime features: undefined"}}
[debug] [2022-01-27T03:00:08.903Z] [runtime-status] [9288] Resolved module firebase-admin {"declared":true,"installed":true,"version":"9.12.0","resolution":"C:\\Users\\Kunal Sahu\\Desktop\\NUCLEAR CODES\\Wev_Devlopment\\PROJECT\\REACT PROJECTS\\melody\\functions\\node_modules\\firebase-admin\\lib\\index.js"} {"metadata":{"emulator":{"name":"functions"},"message":"[runtime-status] [9288] Resolved module firebase-admin {\"declared\":true,\"installed\":true,\"version\":\"9.12.0\",\"resolution\":\"C:\\\\Users\\\\Kunal Sahu\\\\Desktop\\\\NUCLEAR CODES\\\\Wev_Devlopment\\\\PROJECT\\\\REACT PROJECTS\\\\melody\\\\functions\\\\node_modules\\\\firebase-admin\\\\lib\\\\index.js\"}"}}
[debug] [2022-01-27T03:00:08.919Z] [runtime-status] [9288] Resolved module firebase-functions {"declared":true,"installed":true,"version":"3.16.0","resolution":"C:\\Users\\Kunal Sahu\\Desktop\\NUCLEAR CODES\\Wev_Devlopment\\PROJECT\\REACT PROJECTS\\melody\\functions\\node_modules\\firebase-functions\\lib\\index.js"} {"metadata":{"emulator":{"name":"functions"},"message":"[runtime-status] [9288] Resolved module firebase-functions {\"declared\":true,\"installed\":true,\"version\":\"3.16.0\",\"resolution\":\"C:\\\\Users\\\\Kunal Sahu\\\\Desktop\\\\NUCLEAR CODES\\\\Wev_Devlopment\\\\PROJECT\\\\REACT PROJECTS\\\\melody\\\\functions\\\\node_modules\\\\firebase-functions\\\\lib\\\\index.js\"}"}}
[debug] [2022-01-27T03:00:08.925Z] [runtime-status] [9288] Outgoing network have been stubbed. [{"name":"http","status":"mocked"},{"name":"http","status":"mocked"},{"name":"https","status":"mocked"},{"name":"https","status":"mocked"},{"name":"net","status":"mocked"}] {"metadata":{"emulator":{"name":"functions"},"message":"[runtime-status] [9288] Outgoing network have been stubbed. [{\"name\":\"http\",\"status\":\"mocked\"},{\"name\":\"http\",\"status\":\"mocked\"},{\"name\":\"https\",\"status\":\"mocked\"},{\"name\":\"https\",\"status\":\"mocked\"},{\"name\":\"net\",\"status\":\"mocked\"}]"}}
[debug] [2022-01-27T03:00:08.931Z] [runtime-status] [9288] Resolved module firebase-functions {"declared":true,"installed":true,"version":"3.16.0","resolution":"C:\\Users\\Kunal Sahu\\Desktop\\NUCLEAR CODES\\Wev_Devlopment\\PROJECT\\REACT PROJECTS\\melody\\functions\\node_modules\\firebase-functions\\lib\\index.js"} {"metadata":{"emulator":{"name":"functions"},"message":"[runtime-status] [9288] Resolved module firebase-functions {\"declared\":true,\"installed\":true,\"version\":\"3.16.0\",\"resolution\":\"C:\\\\Users\\\\Kunal Sahu\\\\Desktop\\\\NUCLEAR CODES\\\\Wev_Devlopment\\\\PROJECT\\\\REACT PROJECTS\\\\melody\\\\functions\\\\node_modules\\\\firebase-functions\\\\lib\\\\index.js\"}"}}
[debug] [2022-01-27T03:00:09.185Z] [runtime-status] [9288] Checked functions.config() {"config":{}} {"metadata":{"emulator":{"name":"functions"},"message":"[runtime-status] [9288] Checked functions.config() {\"config\":{}}"}}
[debug] [2022-01-27T03:00:09.186Z] [runtime-status] [9288] firebase-functions has been stubbed. {"functionsResolution":{"declared":true,"installed":true,"version":"3.16.0","resolution":"C:\\Users\\Kunal Sahu\\Desktop\\NUCLEAR CODES\\Wev_Devlopment\\PROJECT\\REACT PROJECTS\\melody\\functions\\node_modules\\firebase-functions\\lib\\index.js"}} {"metadata":{"emulator":{"name":"functions"},"message":"[runtime-status] [9288] firebase-functions has been stubbed. {\"functionsResolution\":{\"declared\":true,\"installed\":true,\"version\":\"3.16.0\",\"resolution\":\"C:\\\\Users\\\\Kunal Sahu\\\\Desktop\\\\NUCLEAR CODES\\\\Wev_Devlopment\\\\PROJECT\\\\REACT PROJECTS\\\\melody\\\\functions\\\\node_modules\\\\firebase-functions\\\\lib\\\\index.js\"}}"}}
[debug] [2022-01-27T03:00:09.188Z] [runtime-status] [9288] Resolved module firebase-functions {"declared":true,"installed":true,"version":"3.16.0","resolution":"C:\\Users\\Kunal Sahu\\Desktop\\NUCLEAR CODES\\Wev_Devlopment\\PROJECT\\REACT PROJECTS\\melody\\functions\\node_modules\\firebase-functions\\lib\\index.js"} {"metadata":{"emulator":{"name":"functions"},"message":"[runtime-status] [9288] Resolved module firebase-functions {\"declared\":true,\"installed\":true,\"version\":\"3.16.0\",\"resolution\":\"C:\\\\Users\\\\Kunal Sahu\\\\Desktop\\\\NUCLEAR CODES\\\\Wev_Devlopment\\\\PROJECT\\\\REACT PROJECTS\\\\melody\\\\functions\\\\node_modules\\\\firebase-functions\\\\lib\\\\index.js\"}"}}
[debug] [2022-01-27T03:00:09.197Z] [runtime-status] [9288] Resolved module firebase-admin {"declared":true,"installed":true,"version":"9.12.0","resolution":"C:\\Users\\Kunal Sahu\\Desktop\\NUCLEAR CODES\\Wev_Devlopment\\PROJECT\\REACT PROJECTS\\melody\\functions\\node_modules\\firebase-admin\\lib\\index.js"} {"metadata":{"emulator":{"name":"functions"},"message":"[runtime-status] [9288] Resolved module firebase-admin {\"declared\":true,\"installed\":true,\"version\":\"9.12.0\",\"resolution\":\"C:\\\\Users\\\\Kunal Sahu\\\\Desktop\\\\NUCLEAR CODES\\\\Wev_Devlopment\\\\PROJECT\\\\REACT PROJECTS\\\\melody\\\\functions\\\\node_modules\\\\firebase-admin\\\\lib\\\\index.js\"}"}}
[debug] [2022-01-27T03:00:09.199Z] [runtime-status] [9288] Resolved module firebase-functions {"declared":true,"installed":true,"version":"3.16.0","resolution":"C:\\Users\\Kunal Sahu\\Desktop\\NUCLEAR CODES\\Wev_Devlopment\\PROJECT\\REACT PROJECTS\\melody\\functions\\node_modules\\firebase-functions\\lib\\index.js"} {"metadata":{"emulator":{"name":"functions"},"message":"[runtime-status] [9288] Resolved module firebase-functions {\"declared\":true,\"installed\":true,\"version\":\"3.16.0\",\"resolution\":\"C:\\\\Users\\\\Kunal Sahu\\\\Desktop\\\\NUCLEAR CODES\\\\Wev_Devlopment\\\\PROJECT\\\\REACT PROJECTS\\\\melody\\\\functions\\\\node_modules\\\\firebase-functions\\\\lib\\\\index.js\"}"}}
[debug] [2022-01-27T03:00:09.200Z] [runtime-status] [9288] firebase-admin has been stubbed. {"adminResolution":{"declared":true,"installed":true,"version":"9.12.0","resolution":"C:\\Users\\Kunal Sahu\\Desktop\\NUCLEAR CODES\\Wev_Devlopment\\PROJECT\\REACT PROJECTS\\melody\\functions\\node_modules\\firebase-admin\\lib\\index.js"}} {"metadata":{"emulator":{"name":"functions"},"message":"[runtime-status] [9288] firebase-admin has been stubbed. {\"adminResolution\":{\"declared\":true,\"installed\":true,\"version\":\"9.12.0\",\"resolution\":\"C:\\\\Users\\\\Kunal Sahu\\\\Desktop\\\\NUCLEAR CODES\\\\Wev_Devlopment\\\\PROJECT\\\\REACT PROJECTS\\\\melody\\\\functions\\\\node_modules\\\\firebase-admin\\\\lib\\\\index.js\"}}"}}
